aia
ala
ada
Ana
anilina
ara
arara
asa
ata
aviva
ele
esse
dadad
dadad
datad
deted
oco
Odo
osso
Oto
Otto
ovo
racificar
ramar
ramar
reger
raiar
ralar
radar
rapar
rasar
reler
reter
reter
rever
reviver
rir
romamor
rotor
sacas
saias
salas
sanas
sapas
saras
Ama
Ana
Anna
Bob
Ebbe
Ebbe
Elle
Eve
Hannah
Mened
Natan
Nauan
Neven
Oto
Otto
Raiar
Renner
Mussud
Bauab
Rever
Lael Leal
Mutud
Acaiaca
arad - Mara
arar - rara
arco - ocra
are - era
aro - ora
arroz - zorra
assad - dassa
assid - dissa
atar - rata
ated - deta
aterrad - darreta
ator - rota
Marrocos - socorrad
delar - raled
delar - raled
deter - reted
ocas - saco
olor - rolo
orar - raro
rado - odar
rados - sodar
servil - livres
aceno boneca
acne penca
Anita latina
aperto trepa
laca bacal
lamra parmal
lada radal
ladina anidal
lata Natal
saca dacas
reme cemer
rezar prazer
A caca
Adora de ted aroda.
A rara arara.
I roadem unmer it, a tirem nume daori.
Lewm mim I live & evil I mim mwel.
Mamad, I'd Amad.
1234554321
123456789
123.4567
2345,6543
234,445,555
2212.23432.234325
127.1.1.1
127,0,0,0
,05
.12
12.
123,
FIM
