 D g d 
 d l d 
 d o d 
 d p d 
 D q d 
 d q l o l q d 
 d u d 
 d u d u d 
 d v d 
 d w d 
 d y l y d 
 h o h 
 h v v h 
 p d p d p 
 p d p d p 
 p d w d p 
 p h w h p 
 r f r 
 R p r 
 r v v r 
 R w r 
 R w w r 
 r y r 
 u d f l i l f d u 
 u d g d u 
 u d g d u 
 u h j h u 
 u d l d u 
 u d o d u 
 u d p d u 
 u d s d u 
 u d v d u 
 u h o h u 
 u h w h u 
 u h w h u 
 u h y h u 
 u h y l y h u 
 u l u 
 u r g d g r u 
 u r w r u 
 v d f d v 
 v d l d v 
 v d o d v 
 v d q d v 
 v d s d v 
 v d u d v 
 v h u h v 
 v r f r v 
 D g d 
 D q d 
 D q q d 
 E r e 
 H e e h 
 H e e h 
 H o o h 
 H y h 
 K d q q d k 
 P h q h p 
 Q d w d q 
 Q d x d q 
 Q h y h q 
 R w r 
 R w w r 
 U d l d u 
 U h q q h u 
 P x v v x p 
 E d x d e 
 U h y h u 
 O d h o # O h d o 
 D f d l d f d 
 d p h # 0 # h p d 
 d q d o # 0 # O d q d 
 d q h o # 0 # O h q d 
 d q h o h p # 0 # p h o h q d 
 d u d p # 0 # P d u d 
 d u d u # 0 # u d u d 
 d u f r # 0 # r f u d 
 d u h # 0 # h u d 
 d u r # 0 # r u d 
 d u u r } # 0 # } r u u d 
 d v v d p # 0 # p d v v d 
 d v v l p # 0 # p l v v d 
 d w d u # 0 # u d w d 
 d w h p # 0 # p h w d 
 d w h u u d p # 0 # p d u u h w d 
 d w r u # 0 # u r w d 
 d y d o # 0 # o d y d 
 d y d u r # 0 # r u d y d 
 d y h # 0 # H y d 
 d y r # 0 # r y d 
 o d l f r v 0 # v r f l d o 
 o d w h p # 0 # p h w d o 
 o d y r # 0 # r y d o 
 O h r q d p # 0 # P d q r h o 
 P d u u r f r v # 0 # v r f r u u d p 
 p h o d u # 0 # u d o h p 
 p h o d u # 0 # u d o h p 
 p h w h u # 0 # u h w h p 
 r f d v # 0 # v d f r 
 r o r u # 0 # u r o r 
 r u d u # 0 # u d u r 
 u d p r # 0 # r p d u 
 u d p r v # 0 # v r p d u 
 v h u y l o # 0 # o l y u h v 
 d f h q r # e r q h f d 
 d f q h # s h q f d 
 D q l w d # o d w l q d 
 d s h u w r # w u h s d 
 o d f d # e d f d o 
 o d g u d # s d u g d o 
 o d p d # u d p d o 
 o d p l q d # d q l p d o 
 o d w d # Q d w d o 
 v d f d # p d f d v 
 u h g h # f h g h u 
 u h } d u # s u d } h u 
 D # f d f d 
 D # p d p d 
 D # p d p d 
 D # p l o 1 1 1 # E d l w d 1 1 1 N d w l d # E 1 # O l p d 
 D # U x d # O d x u d 
 D o l / # o d g r # G d o l o d 
 D q l w d / # d # w l q d $ # + D q w r q l r # g h # F d v w u r , 
 D u d u d # u d u d 
 O l p d # d # p l o 
 O x } # d } x o 
 O x } # d # d u d u d # d } x o 
 R # e r e r 
 R # e r o r # g r # o r e r 
 R # g d g r 
 R # g h g r 
 R k $ # O l p r q d g d # q r # p l o k r B # + P d u f h o r # F r l p e u d # I x u w d g r , 
 R # O l o r 
 R # O x # q x o r 
 R # v h o r # o h v r 
 D # V l o d # o l v d 
 R # V l o r # o l v r 
 R # w u r w h # w r u w r 
 D # e d v h # g h v d w r o d # f d o r w d v # h # g h v d e d 
 D # F d s l w d o 1 # O d w l # s d f d # + H g x d u g r # E d q n v , 
 D # f d u d # u d m d g d # g d # m d u d u d f d # + V k h o g r q # F r r s h u , 
 R # w u h f r # f h u w r 
 R # y r r # g r # r y r 
 U r p d # p h # w h p # d p r u 
 V d l v # v h p # r # f d v d f r / # P h v v l d v B 
 V d o w d # r # D w o d v 
 V d o w d u d p # r # p d u / # D w o d v 
 V h f r # g h # u d l y d / # f r o r f r # q r # f r o r # f d y l d u # h # g r f h v 
 W x f d q r # q d # F X W 
 D p h # d # h p d 1 
 D p d u # G r q d w r # l g l r w d # q r # g u d p d 1 # + O d x u d # R o l y h l u d , 
 4 1 4 5 6 6 6 5 4 5 
 4 / 4 / 4 / 4 5 5 
 7 8 3 
 1 1 4 5 6 1 1 6 5 4 
